<?xml version="1.0" encoding="UTF-8"?>
<testsuite name="repositories.EventRepositoryTest" time="0.149" tests="1" errors="1" skipped="0" failures="0">
  <properties>
[...]
</properties>
  <testcase name="saveEvent" classname="repositories.EventRepositoryTest" time="0.149">
    <error message="could not initialize proxy - no Session" type="org.hibernate.LazyInitializationException">org.hibernate.LazyInitializationException: could not initialize proxy - no Session
	at org.hibernate.proxy.AbstractLazyInitializer.initialize(AbstractLazyInitializer.java:165)
	at org.hibernate.proxy.AbstractLazyInitializer.getImplementation(AbstractLazyInitializer.java:286)
	at org.hibernate.proxy.pojo.javassist.JavassistLazyInitializer.invoke(JavassistLazyInitializer.java:185)
	at com.smallgroup.app.domain.Event_$$_jvst7fb_4.getId(Event_$$_jvst7fb_4.java)
	at repositories.EventRepositoryTest.saveEvent(EventRepositoryTest.java:46)
</error>
    <system-out><![CDATA[15:42:42.725 [main] DEBUG o.s.t.c.j.SpringJUnit4ClassRunner - SpringJUnit4ClassRunner constructor called with [class repositories.EventRepositoryTest]
15:42:42.735 [main] DEBUG o.s.test.context.BootstrapUtils - Instantiating CacheAwareContextLoaderDelegate from class [org.springframework.test.context.cache.DefaultCacheAwareContextLoaderDelegate]
15:42:42.748 [main] DEBUG o.s.test.context.BootstrapUtils - Instantiating BootstrapContext using constructor [public org.springframework.test.context.support.DefaultBootstrapContext(java.lang.Class,org.springframework.test.context.CacheAwareContextLoaderDelegate)]
15:42:42.779 [main] DEBUG o.s.test.context.BootstrapUtils - Instantiating TestContextBootstrapper for test class [repositories.EventRepositoryTest] from class [org.springframework.test.context.support.DefaultTestContextBootstrapper]
15:42:42.814 [main] DEBUG o.s.t.c.s.DefaultTestContextBootstrapper - Found explicit ContextLoader class [org.springframework.boot.test.SpringApplicationContextLoader] for context configuration attributes [ContextConfigurationAttributes@369f73a2 declaringClass = 'repositories.EventRepositoryTest', classes = '{class com.smallgroup.app.configuration.RepositoryConfiguration}', locations = '{}', inheritLocations = true, initializers = '{}', inheritInitializers = true, name = [null], contextLoaderClass = 'org.springframework.boot.test.SpringApplicationContextLoader']
15:42:42.832 [main] DEBUG o.s.t.c.s.AbstractContextLoader - Did not detect default resource location for test class [repositories.EventRepositoryTest]: class path resource [repositories/EventRepositoryTest-context.xml] does not exist
15:42:42.833 [main] DEBUG o.s.t.c.s.AbstractContextLoader - Did not detect default resource location for test class [repositories.EventRepositoryTest]: class path resource [repositories/EventRepositoryTestContext.groovy] does not exist
15:42:42.833 [main] INFO  o.s.t.c.s.AbstractContextLoader - Could not detect default resource locations for test class [repositories.EventRepositoryTest]: no resource found for suffixes {-context.xml, Context.groovy}.
15:42:42.839 [main] DEBUG o.s.t.c.support.ActiveProfilesUtils - Could not find an 'annotation declaring class' for annotation type [org.springframework.test.context.ActiveProfiles] and class [repositories.EventRepositoryTest]
15:42:42.851 [main] DEBUG o.s.t.c.s.DefaultTestContextBootstrapper - @TestExecutionListeners is not present for class [repositories.EventRepositoryTest]: using defaults.
15:42:42.861 [main] INFO  o.s.t.c.s.DefaultTestContextBootstrapper - Loaded default TestExecutionListener class names from location [META-INF/spring.factories]: [org.springframework.test.context.web.ServletTestExecutionListener, org.springframework.test.context.support.DirtiesContextBeforeModesTestExecutionListener, org.springframework.test.context.support.DependencyInjectionTestExecutionListener, org.springframework.test.context.support.DirtiesContextTestExecutionListener, org.springframework.test.context.transaction.TransactionalTestExecutionListener, org.springframework.test.context.jdbc.SqlScriptsTestExecutionListener]
15:42:42.914 [main] INFO  o.s.t.c.s.DefaultTestContextBootstrapper - Using TestExecutionListeners: [org.springframework.test.context.web.ServletTestExecutionListener@1500955a, org.springframework.test.context.support.DirtiesContextBeforeModesTestExecutionListener@e874448, org.springframework.test.context.support.DependencyInjectionTestExecutionListener@29b5cd00, org.springframework.test.context.support.DirtiesContextTestExecutionListener@60285225, org.springframework.test.context.transaction.TransactionalTestExecutionListener@7113b13f, org.springframework.test.context.jdbc.SqlScriptsTestExecutionListener@45820e51]
15:42:42.919 [main] DEBUG o.s.t.annotation.ProfileValueUtils - Retrieved @ProfileValueSourceConfiguration [null] for test class [repositories.EventRepositoryTest]
15:42:42.920 [main] DEBUG o.s.t.annotation.ProfileValueUtils - Retrieved ProfileValueSource type [class org.springframework.test.annotation.SystemProfileValueSource] for class [repositories.EventRepositoryTest]
15:42:42.924 [main] DEBUG o.s.t.c.j.SpringJUnit4ClassRunner - SpringJUnit4ClassRunner constructor called with [class repositories.EventRepositoryTest]
15:42:42.925 [main] DEBUG o.s.test.context.BootstrapUtils - Instantiating CacheAwareContextLoaderDelegate from class [org.springframework.test.context.cache.DefaultCacheAwareContextLoaderDelegate]
15:42:42.925 [main] DEBUG o.s.test.context.BootstrapUtils - Instantiating BootstrapContext using constructor [public org.springframework.test.context.support.DefaultBootstrapContext(java.lang.Class,org.springframework.test.context.CacheAwareContextLoaderDelegate)]
15:42:42.926 [main] DEBUG o.s.test.context.BootstrapUtils - Instantiating TestContextBootstrapper for test class [repositories.EventRepositoryTest] from class [org.springframework.test.context.support.DefaultTestContextBootstrapper]
15:42:42.929 [main] DEBUG o.s.t.c.s.DefaultTestContextBootstrapper - Found explicit ContextLoader class [org.springframework.boot.test.SpringApplicationContextLoader] for context configuration attributes [ContextConfigurationAttributes@1e7c7811 declaringClass = 'repositories.EventRepositoryTest', classes = '{class com.smallgroup.app.configuration.RepositoryConfiguration}', locations = '{}', inheritLocations = true, initializers = '{}', inheritInitializers = true, name = [null], contextLoaderClass = 'org.springframework.boot.test.SpringApplicationContextLoader']
15:42:42.930 [main] DEBUG o.s.t.c.s.AbstractContextLoader - Did not detect default resource location for test class [repositories.EventRepositoryTest]: class path resource [repositories/EventRepositoryTest-context.xml] does not exist
15:42:42.931 [main] DEBUG o.s.t.c.s.AbstractContextLoader - Did not detect default resource location for test class [repositories.EventRepositoryTest]: class path resource [repositories/EventRepositoryTestContext.groovy] does not exist
15:42:42.931 [main] INFO  o.s.t.c.s.AbstractContextLoader - Could not detect default resource locations for test class [repositories.EventRepositoryTest]: no resource found for suffixes {-context.xml, Context.groovy}.
15:42:42.931 [main] DEBUG o.s.t.c.support.ActiveProfilesUtils - Could not find an 'annotation declaring class' for annotation type [org.springframework.test.context.ActiveProfiles] and class [repositories.EventRepositoryTest]
15:42:42.932 [main] DEBUG o.s.t.c.s.DefaultTestContextBootstrapper - @TestExecutionListeners is not present for class [repositories.EventRepositoryTest]: using defaults.
15:42:42.934 [main] INFO  o.s.t.c.s.DefaultTestContextBootstrapper - Loaded default TestExecutionListener class names from location [META-INF/spring.factories]: [org.springframework.test.context.web.ServletTestExecutionListener, org.springframework.test.context.support.DirtiesContextBeforeModesTestExecutionListener, org.springframework.test.context.support.DependencyInjectionTestExecutionListener, org.springframework.test.context.support.DirtiesContextTestExecutionListener, org.springframework.test.context.transaction.TransactionalTestExecutionListener, org.springframework.test.context.jdbc.SqlScriptsTestExecutionListener]
15:42:42.938 [main] INFO  o.s.t.c.s.DefaultTestContextBootstrapper - Using TestExecutionListeners: [org.springframework.test.context.web.ServletTestExecutionListener@eafc191, org.springframework.test.context.support.DirtiesContextBeforeModesTestExecutionListener@612fc6eb, org.springframework.test.context.support.DependencyInjectionTestExecutionListener@1060b431, org.springframework.test.context.support.DirtiesContextTestExecutionListener@612679d6, org.springframework.test.context.transaction.TransactionalTestExecutionListener@11758f2a, org.springframework.test.context.jdbc.SqlScriptsTestExecutionListener@e720b71]
15:42:42.939 [main] DEBUG o.s.t.annotation.ProfileValueUtils - Retrieved @ProfileValueSourceConfiguration [null] for test class [repositories.EventRepositoryTest]
15:42:42.940 [main] DEBUG o.s.t.annotation.ProfileValueUtils - Retrieved ProfileValueSource type [class org.springframework.test.annotation.SystemProfileValueSource] for class [repositories.EventRepositoryTest]
15:42:42.945 [main] DEBUG o.s.t.annotation.ProfileValueUtils - Retrieved @ProfileValueSourceConfiguration [null] for test class [repositories.EventRepositoryTest]
15:42:42.947 [main] DEBUG o.s.t.annotation.ProfileValueUtils - Retrieved ProfileValueSource type [class org.springframework.test.annotation.SystemProfileValueSource] for class [repositories.EventRepositoryTest]
15:42:42.951 [main] DEBUG o.s.t.c.s.AbstractDirtiesContextTestExecutionListener - Before test class: context [DefaultTestContext@66d1af89 testClass = EventRepositoryTest, testInstance = [null], testMethod = [null], testException = [null], mergedContextConfiguration = [MergedContextConfiguration@8646db9 testClass = EventRepositoryTest, locations = '{}', classes = '{class com.smallgroup.app.configuration.RepositoryConfiguration}', contextInitializerClasses = '[]', activeProfiles = '{}', propertySourceLocations = '{}', propertySourceProperties = '{}', contextLoader = 'org.springframework.boot.test.SpringApplicationContextLoader', parent = [null]]], class annotated with @DirtiesContext [false] with mode [null].
15:42:42.963 [main] DEBUG o.s.t.annotation.ProfileValueUtils - Retrieved @ProfileValueSourceConfiguration [null] for test class [repositories.EventRepositoryTest]
15:42:42.964 [main] DEBUG o.s.t.annotation.ProfileValueUtils - Retrieved ProfileValueSource type [class org.springframework.test.annotation.SystemProfileValueSource] for class [repositories.EventRepositoryTest]
15:42:42.972 [main] DEBUG o.s.t.c.s.DependencyInjectionTestExecutionListener - Performing dependency injection for test context [[DefaultTestContext@66d1af89 testClass = EventRepositoryTest, testInstance = repositories.EventRepositoryTest@33723e30, testMethod = [null], testException = [null], mergedContextConfiguration = [MergedContextConfiguration@8646db9 testClass = EventRepositoryTest, locations = '{}', classes = '{class com.smallgroup.app.configuration.RepositoryConfiguration}', contextInitializerClasses = '[]', activeProfiles = '{}', propertySourceLocations = '{}', propertySourceProperties = '{}', contextLoader = 'org.springframework.boot.test.SpringApplicationContextLoader', parent = [null]]]].
15:42:43.221 [main] DEBUG o.s.core.env.StandardEnvironment - Adding [systemProperties] PropertySource with lowest search precedence
15:42:43.224 [main] DEBUG o.s.core.env.StandardEnvironment - Adding [systemEnvironment] PropertySource with lowest search precedence
15:42:43.225 [main] DEBUG o.s.core.env.StandardEnvironment - Initialized StandardEnvironment with PropertySources [systemProperties,systemEnvironment]
15:42:43.230 [main] DEBUG o.s.core.env.StandardEnvironment - Adding [integrationTest] PropertySource with search precedence immediately lower than [systemEnvironment]

  .   ____          _            __ _ _
 /\\ / ___'_ __ _ _(_)_ __  __ _ \ \ \ \
( ( )\___ | '_ | '_| | '_ \/ _` | \ \ \ \
 \\/  ___)| |_)| | | | | || (_| |  ) ) ) )
  '  |____| .__|_| |_|_| |_\__, | / / / /
 =========|_|==============|___/=/_/_/_/
 :: Spring Boot ::        (v1.3.3.RELEASE)

2017-02-05 15:42:44.153  INFO 2933 --- [           main] repositories.EventRepositoryTest         : Starting EventRepositoryTest on Dereks-MacBook-Pro.local with PID 2933 (/Users/derektaylor/Documents/projects/sg-app/com.smallgroup.app/target/test-classes started by derektaylor in /Users/derektaylor/Documents/projects/sg-app/com.smallgroup.app)
2017-02-05 15:42:44.154  INFO 2933 --- [           main] repositories.EventRepositoryTest         : No active profile set, falling back to default profiles: default
2017-02-05 15:42:44.252  INFO 2933 --- [           main] s.c.a.AnnotationConfigApplicationContext : Refreshing org.springframework.context.annotation.AnnotationConfigApplicationContext@6c64cb25: startup date [Sun Feb 05 15:42:44 CST 2017]; root of context hierarchy
2017-02-05 15:42:46.615  INFO 2933 --- [           main] j.LocalContainerEntityManagerFactoryBean : Building JPA container EntityManagerFactory for persistence unit 'default'
2017-02-05 15:42:46.661  INFO 2933 --- [           main] o.hibernate.jpa.internal.util.LogHelper  : HHH000204: Processing PersistenceUnitInfo [
	name: default
	...]
2017-02-05 15:42:46.947  INFO 2933 --- [           main] org.hibernate.Version                    : HHH000412: Hibernate Core {4.3.11.Final}
2017-02-05 15:42:46.950  INFO 2933 --- [           main] org.hibernate.cfg.Environment            : HHH000206: hibernate.properties not found
2017-02-05 15:42:46.954  INFO 2933 --- [           main] org.hibernate.cfg.Environment            : HHH000021: Bytecode provider name : javassist
2017-02-05 15:42:47.394  INFO 2933 --- [           main] o.hibernate.annotations.common.Version   : HCANN000001: Hibernate Commons Annotations {4.0.5.Final}
2017-02-05 15:42:47.552  INFO 2933 --- [           main] org.hibernate.dialect.Dialect            : HHH000400: Using dialect: org.hibernate.dialect.H2Dialect
2017-02-05 15:42:47.984  INFO 2933 --- [           main] o.h.h.i.ast.ASTQueryTranslatorFactory    : HHH000397: Using ASTQueryTranslatorFactory
2017-02-05 15:42:48.648  INFO 2933 --- [           main] org.hibernate.tool.hbm2ddl.SchemaExport  : HHH000227: Running hbm2ddl schema export
2017-02-05 15:42:48.701  INFO 2933 --- [           main] org.hibernate.tool.hbm2ddl.SchemaExport  : HHH000230: Schema export complete
2017-02-05 15:42:49.686  INFO 2933 --- [           main] repositories.EventRepositoryTest         : Started EventRepositoryTest in 6.447 seconds (JVM running for 7.688)
]]></system-out>
  </testcase>
</testsuite>